###############################################################################
#                                                                             #
# IAR ANSI C/C++ Compiler V6.40.1.53790/W32 for ARM     30/Jul/2014  22:50:09 #
# Copyright 1999-2012 IAR Systems AB.                                         #
#                                                                             #
#    Cpu mode     =  thumb                                                    #
#    Endian       =  little                                                   #
#    Source file  =  C:\Users\hp\Desktop\安防机器人大赛\程序工程\robot\projec #
#                    t\robot_car_com\app\infrare.c                            #
#    Command line =  C:\Users\hp\Desktop\安防机器人大赛\程序工程\robot\projec #
#                    t\robot_car_com\app\infrare.c -D IAR -D LPLD_K60 -lCN    #
#                    C:\Users\hp\Desktop\安防机器人大赛\程序工程\robot\projec #
#                    t\robot_car_com\iar\FLASH\List\ -lB                      #
#                    C:\Users\hp\Desktop\安防机器人大赛\程序工程\robot\projec #
#                    t\robot_car_com\iar\FLASH\List\ -o                       #
#                    C:\Users\hp\Desktop\安防机器人大赛\程序工程\robot\projec #
#                    t\robot_car_com\iar\FLASH\Obj\ --no_cse --no_unroll      #
#                    --no_inline --no_code_motion --no_tbaa --no_clustering   #
#                    --no_scheduling --debug --endian=little --cpu=Cortex-M4  #
#                    -e --fpu=None --dlib_config                              #
#                    D:\IAR\arm\INC\c\DLib_Config_Normal.h -I                 #
#                    C:\Users\hp\Desktop\安防机器人大赛\程序工程\robot\projec #
#                    t\robot_car_com\iar\..\app\ -I                           #
#                    C:\Users\hp\Desktop\安防机器人大赛\程序工程\robot\projec #
#                    t\robot_car_com\iar\..\..\..\lib\common\ -I              #
#                    C:\Users\hp\Desktop\安防机器人大赛\程序工程\robot\projec #
#                    t\robot_car_com\iar\..\..\..\lib\cpu\ -I                 #
#                    C:\Users\hp\Desktop\安防机器人大赛\程序工程\robot\projec #
#                    t\robot_car_com\iar\..\..\..\lib\cpu\headers\ -I         #
#                    C:\Users\hp\Desktop\安防机器人大赛\程序工程\robot\projec #
#                    t\robot_car_com\iar\..\..\..\lib\drivers\adc16\ -I       #
#                    C:\Users\hp\Desktop\安防机器人大赛\程序工程\robot\projec #
#                    t\robot_car_com\iar\..\..\..\lib\drivers\enet\ -I        #
#                    C:\Users\hp\Desktop\安防机器人大赛\程序工程\robot\projec #
#                    t\robot_car_com\iar\..\..\..\lib\drivers\lptmr\ -I       #
#                    C:\Users\hp\Desktop\安防机器人大赛\程序工程\robot\projec #
#                    t\robot_car_com\iar\..\..\..\lib\drivers\mcg\ -I         #
#                    C:\Users\hp\Desktop\安防机器人大赛\程序工程\robot\projec #
#                    t\robot_car_com\iar\..\..\..\lib\drivers\pmc\ -I         #
#                    C:\Users\hp\Desktop\安防机器人大赛\程序工程\robot\projec #
#                    t\robot_car_com\iar\..\..\..\lib\drivers\rtc\ -I         #
#                    C:\Users\hp\Desktop\安防机器人大赛\程序工程\robot\projec #
#                    t\robot_car_com\iar\..\..\..\lib\drivers\uart\ -I        #
#                    C:\Users\hp\Desktop\安防机器人大赛\程序工程\robot\projec #
#                    t\robot_car_com\iar\..\..\..\lib\drivers\wdog\ -I        #
#                    C:\Users\hp\Desktop\安防机器人大赛\程序工程\robot\projec #
#                    t\robot_car_com\iar\..\..\..\lib\platforms\ -I           #
#                    C:\Users\hp\Desktop\安防机器人大赛\程序工程\robot\projec #
#                    t\robot_car_com\iar\..\..\..\lib\LPLD\ -I                #
#                    C:\Users\hp\Desktop\安防机器人大赛\程序工程\robot\projec #
#                    t\robot_car_com\iar\..\..\..\lib\LPLD\FatFs\ -I          #
#                    C:\Users\hp\Desktop\安防机器人大赛\程序工程\robot\projec #
#                    t\robot_car_com\iar\..\..\..\lib\LPLD\USB\ -I            #
#                    C:\Users\hp\Desktop\安防机器人大赛\程序工程\robot\projec #
#                    t\robot_car_com\iar\..\..\..\lib\iar_config_files\ -Ol   #
#    List file    =  C:\Users\hp\Desktop\安防机器人大赛\程序工程\robot\projec #
#                    t\robot_car_com\iar\FLASH\List\infrare.lst               #
#    Object file  =  C:\Users\hp\Desktop\安防机器人大赛\程序工程\robot\projec #
#                    t\robot_car_com\iar\FLASH\Obj\infrare.o                  #
#                                                                             #
#                                                                             #
###############################################################################

C:\Users\hp\Desktop\安防机器人大赛\程序工程\robot\project\robot_car_com\app\infrare.c
      1          #include "infrare.h"
      2          #include "common.h"
      3          #include "HAL_GPIO.h"
      4          #include "HAL_FTM.h"
      5          #include "HAL_PIT.h"
      6          /*
      7                 front
      8                _______
      9               |       |
     10               |  zb   |
     11          left |       | right
     12               |  K60  | 
     13               |_______|   
     14                  tail
     15          */
     16          
     17          #define FRONT_INFRARE_NUM 11
     18          #define TAIL_INFRARE_NUM 11 
     19          #define LEFT_INFRARE_NUM 3
     20          #define RIGHT_INFRARE_NUM 3
     21          

   \                                 In section .bss, align 4
     22          unsigned char front_infrare[FRONT_INFRARE_NUM];
   \                     front_infrare:
   \   00000000                      DS8 12

   \                                 In section .bss, align 4
     23          unsigned char tail_infrare[TAIL_INFRARE_NUM];
   \                     tail_infrare:
   \   00000000                      DS8 12

   \                                 In section .bss, align 4
     24          unsigned char left_infrare[LEFT_INFRARE_NUM];
   \                     left_infrare:
   \   00000000                      DS8 4

   \                                 In section .bss, align 4
     25          unsigned char right_infrare[RIGHT_INFRARE_NUM];
   \                     right_infrare:
   \   00000000                      DS8 4
     26          

   \                                 In section .text, align 2, keep-with-next
     27          void infrare_init()
     28          {
   \                     infrare_init:
   \   00000000   0xB580             PUSH     {R7,LR}
     29            //绾㈠front_infrare
     30            LPLD_GPIO_Init(PTB, 9, DIR_INPUT, INPUT_PUP, IRQC_DIS);
   \   00000002   0x2000             MOVS     R0,#+0
   \   00000004   0x9000             STR      R0,[SP, #+0]
   \   00000006   0x2301             MOVS     R3,#+1
   \   00000008   0x2200             MOVS     R2,#+0
   \   0000000A   0x2109             MOVS     R1,#+9
   \   0000000C   0x2001             MOVS     R0,#+1
   \   0000000E   0x.... 0x....      BL       LPLD_GPIO_Init
     31            LPLD_GPIO_Init(PTB, 10, DIR_INPUT, INPUT_PUP, IRQC_DIS);
   \   00000012   0x2000             MOVS     R0,#+0
   \   00000014   0x9000             STR      R0,[SP, #+0]
   \   00000016   0x2301             MOVS     R3,#+1
   \   00000018   0x2200             MOVS     R2,#+0
   \   0000001A   0x210A             MOVS     R1,#+10
   \   0000001C   0x2001             MOVS     R0,#+1
   \   0000001E   0x.... 0x....      BL       LPLD_GPIO_Init
     32            LPLD_GPIO_Init(PTB, 11, DIR_INPUT, INPUT_PUP, IRQC_DIS);
   \   00000022   0x2000             MOVS     R0,#+0
   \   00000024   0x9000             STR      R0,[SP, #+0]
   \   00000026   0x2301             MOVS     R3,#+1
   \   00000028   0x2200             MOVS     R2,#+0
   \   0000002A   0x210B             MOVS     R1,#+11
   \   0000002C   0x2001             MOVS     R0,#+1
   \   0000002E   0x.... 0x....      BL       LPLD_GPIO_Init
     33            LPLD_GPIO_Init(PTB, 18, DIR_INPUT, INPUT_PUP, IRQC_DIS);
   \   00000032   0x2000             MOVS     R0,#+0
   \   00000034   0x9000             STR      R0,[SP, #+0]
   \   00000036   0x2301             MOVS     R3,#+1
   \   00000038   0x2200             MOVS     R2,#+0
   \   0000003A   0x2112             MOVS     R1,#+18
   \   0000003C   0x2001             MOVS     R0,#+1
   \   0000003E   0x.... 0x....      BL       LPLD_GPIO_Init
     34            LPLD_GPIO_Init(PTB, 19, DIR_INPUT, INPUT_PUP, IRQC_DIS);
   \   00000042   0x2000             MOVS     R0,#+0
   \   00000044   0x9000             STR      R0,[SP, #+0]
   \   00000046   0x2301             MOVS     R3,#+1
   \   00000048   0x2200             MOVS     R2,#+0
   \   0000004A   0x2113             MOVS     R1,#+19
   \   0000004C   0x2001             MOVS     R0,#+1
   \   0000004E   0x.... 0x....      BL       LPLD_GPIO_Init
     35            LPLD_GPIO_Init(PTB, 20, DIR_INPUT, INPUT_PUP, IRQC_DIS);
   \   00000052   0x2000             MOVS     R0,#+0
   \   00000054   0x9000             STR      R0,[SP, #+0]
   \   00000056   0x2301             MOVS     R3,#+1
   \   00000058   0x2200             MOVS     R2,#+0
   \   0000005A   0x2114             MOVS     R1,#+20
   \   0000005C   0x2001             MOVS     R0,#+1
   \   0000005E   0x.... 0x....      BL       LPLD_GPIO_Init
     36            LPLD_GPIO_Init(PTB, 21, DIR_INPUT, INPUT_PUP, IRQC_DIS);
   \   00000062   0x2000             MOVS     R0,#+0
   \   00000064   0x9000             STR      R0,[SP, #+0]
   \   00000066   0x2301             MOVS     R3,#+1
   \   00000068   0x2200             MOVS     R2,#+0
   \   0000006A   0x2115             MOVS     R1,#+21
   \   0000006C   0x2001             MOVS     R0,#+1
   \   0000006E   0x.... 0x....      BL       LPLD_GPIO_Init
     37            LPLD_GPIO_Init(PTB, 22, DIR_INPUT, INPUT_PUP, IRQC_DIS);
   \   00000072   0x2000             MOVS     R0,#+0
   \   00000074   0x9000             STR      R0,[SP, #+0]
   \   00000076   0x2301             MOVS     R3,#+1
   \   00000078   0x2200             MOVS     R2,#+0
   \   0000007A   0x2116             MOVS     R1,#+22
   \   0000007C   0x2001             MOVS     R0,#+1
   \   0000007E   0x.... 0x....      BL       LPLD_GPIO_Init
     38            LPLD_GPIO_Init(PTC, 6, DIR_INPUT, INPUT_PUP, IRQC_DIS);
   \   00000082   0x2000             MOVS     R0,#+0
   \   00000084   0x9000             STR      R0,[SP, #+0]
   \   00000086   0x2301             MOVS     R3,#+1
   \   00000088   0x2200             MOVS     R2,#+0
   \   0000008A   0x2106             MOVS     R1,#+6
   \   0000008C   0x2002             MOVS     R0,#+2
   \   0000008E   0x.... 0x....      BL       LPLD_GPIO_Init
     39            LPLD_GPIO_Init(PTC, 7, DIR_INPUT, INPUT_PUP, IRQC_DIS);
   \   00000092   0x2000             MOVS     R0,#+0
   \   00000094   0x9000             STR      R0,[SP, #+0]
   \   00000096   0x2301             MOVS     R3,#+1
   \   00000098   0x2200             MOVS     R2,#+0
   \   0000009A   0x2107             MOVS     R1,#+7
   \   0000009C   0x2002             MOVS     R0,#+2
   \   0000009E   0x.... 0x....      BL       LPLD_GPIO_Init
     40            LPLD_GPIO_Init(PTC, 8, DIR_INPUT, INPUT_PUP, IRQC_DIS);
   \   000000A2   0x2000             MOVS     R0,#+0
   \   000000A4   0x9000             STR      R0,[SP, #+0]
   \   000000A6   0x2301             MOVS     R3,#+1
   \   000000A8   0x2200             MOVS     R2,#+0
   \   000000AA   0x2108             MOVS     R1,#+8
   \   000000AC   0x2002             MOVS     R0,#+2
   \   000000AE   0x.... 0x....      BL       LPLD_GPIO_Init
     41            //绾㈠tail_infrare
     42            LPLD_GPIO_Init(PTB, 0, DIR_INPUT, INPUT_PUP, IRQC_DIS);
   \   000000B2   0x2000             MOVS     R0,#+0
   \   000000B4   0x9000             STR      R0,[SP, #+0]
   \   000000B6   0x2301             MOVS     R3,#+1
   \   000000B8   0x2200             MOVS     R2,#+0
   \   000000BA   0x2100             MOVS     R1,#+0
   \   000000BC   0x2001             MOVS     R0,#+1
   \   000000BE   0x.... 0x....      BL       LPLD_GPIO_Init
     43            LPLD_GPIO_Init(PTA, 5, DIR_INPUT, INPUT_PUP, IRQC_DIS);
   \   000000C2   0x2000             MOVS     R0,#+0
   \   000000C4   0x9000             STR      R0,[SP, #+0]
   \   000000C6   0x2301             MOVS     R3,#+1
   \   000000C8   0x2200             MOVS     R2,#+0
   \   000000CA   0x2105             MOVS     R1,#+5
   \   000000CC   0x2000             MOVS     R0,#+0
   \   000000CE   0x.... 0x....      BL       LPLD_GPIO_Init
     44            LPLD_GPIO_Init(PTA, 12, DIR_INPUT, INPUT_PUP, IRQC_DIS);
   \   000000D2   0x2000             MOVS     R0,#+0
   \   000000D4   0x9000             STR      R0,[SP, #+0]
   \   000000D6   0x2301             MOVS     R3,#+1
   \   000000D8   0x2200             MOVS     R2,#+0
   \   000000DA   0x210C             MOVS     R1,#+12
   \   000000DC   0x2000             MOVS     R0,#+0
   \   000000DE   0x.... 0x....      BL       LPLD_GPIO_Init
     45            LPLD_GPIO_Init(PTA, 13, DIR_INPUT, INPUT_PUP, IRQC_DIS);
   \   000000E2   0x2000             MOVS     R0,#+0
   \   000000E4   0x9000             STR      R0,[SP, #+0]
   \   000000E6   0x2301             MOVS     R3,#+1
   \   000000E8   0x2200             MOVS     R2,#+0
   \   000000EA   0x210D             MOVS     R1,#+13
   \   000000EC   0x2000             MOVS     R0,#+0
   \   000000EE   0x.... 0x....      BL       LPLD_GPIO_Init
     46            LPLD_GPIO_Init(PTA, 14, DIR_INPUT, INPUT_PUP, IRQC_DIS);
   \   000000F2   0x2000             MOVS     R0,#+0
   \   000000F4   0x9000             STR      R0,[SP, #+0]
   \   000000F6   0x2301             MOVS     R3,#+1
   \   000000F8   0x2200             MOVS     R2,#+0
   \   000000FA   0x210E             MOVS     R1,#+14
   \   000000FC   0x2000             MOVS     R0,#+0
   \   000000FE   0x.... 0x....      BL       LPLD_GPIO_Init
     47            LPLD_GPIO_Init(PTA, 16, DIR_INPUT, INPUT_PUP, IRQC_DIS);
   \   00000102   0x2000             MOVS     R0,#+0
   \   00000104   0x9000             STR      R0,[SP, #+0]
   \   00000106   0x2301             MOVS     R3,#+1
   \   00000108   0x2200             MOVS     R2,#+0
   \   0000010A   0x2110             MOVS     R1,#+16
   \   0000010C   0x2000             MOVS     R0,#+0
   \   0000010E   0x.... 0x....      BL       LPLD_GPIO_Init
     48            LPLD_GPIO_Init(PTA, 17, DIR_INPUT, INPUT_PUP, IRQC_DIS);
   \   00000112   0x2000             MOVS     R0,#+0
   \   00000114   0x9000             STR      R0,[SP, #+0]
   \   00000116   0x2301             MOVS     R3,#+1
   \   00000118   0x2200             MOVS     R2,#+0
   \   0000011A   0x2111             MOVS     R1,#+17
   \   0000011C   0x2000             MOVS     R0,#+0
   \   0000011E   0x.... 0x....      BL       LPLD_GPIO_Init
     49            LPLD_GPIO_Init(PTD, 0, DIR_INPUT, INPUT_PUP, IRQC_DIS);
   \   00000122   0x2000             MOVS     R0,#+0
   \   00000124   0x9000             STR      R0,[SP, #+0]
   \   00000126   0x2301             MOVS     R3,#+1
   \   00000128   0x2200             MOVS     R2,#+0
   \   0000012A   0x2100             MOVS     R1,#+0
   \   0000012C   0x2003             MOVS     R0,#+3
   \   0000012E   0x.... 0x....      BL       LPLD_GPIO_Init
     50            LPLD_GPIO_Init(PTD, 1, DIR_INPUT, INPUT_PUP, IRQC_DIS);
   \   00000132   0x2000             MOVS     R0,#+0
   \   00000134   0x9000             STR      R0,[SP, #+0]
   \   00000136   0x2301             MOVS     R3,#+1
   \   00000138   0x2200             MOVS     R2,#+0
   \   0000013A   0x2101             MOVS     R1,#+1
   \   0000013C   0x2003             MOVS     R0,#+3
   \   0000013E   0x.... 0x....      BL       LPLD_GPIO_Init
     51            LPLD_GPIO_Init(PTD, 2, DIR_INPUT, INPUT_PUP, IRQC_DIS);
   \   00000142   0x2000             MOVS     R0,#+0
   \   00000144   0x9000             STR      R0,[SP, #+0]
   \   00000146   0x2301             MOVS     R3,#+1
   \   00000148   0x2200             MOVS     R2,#+0
   \   0000014A   0x2102             MOVS     R1,#+2
   \   0000014C   0x2003             MOVS     R0,#+3
   \   0000014E   0x.... 0x....      BL       LPLD_GPIO_Init
     52            LPLD_GPIO_Init(PTD, 3, DIR_INPUT, INPUT_PUP, IRQC_DIS);
   \   00000152   0x2000             MOVS     R0,#+0
   \   00000154   0x9000             STR      R0,[SP, #+0]
   \   00000156   0x2301             MOVS     R3,#+1
   \   00000158   0x2200             MOVS     R2,#+0
   \   0000015A   0x2103             MOVS     R1,#+3
   \   0000015C   0x2003             MOVS     R0,#+3
   \   0000015E   0x.... 0x....      BL       LPLD_GPIO_Init
     53            LPLD_GPIO_Init(PTD, 4, DIR_INPUT, INPUT_PUP, IRQC_DIS);
   \   00000162   0x2000             MOVS     R0,#+0
   \   00000164   0x9000             STR      R0,[SP, #+0]
   \   00000166   0x2301             MOVS     R3,#+1
   \   00000168   0x2200             MOVS     R2,#+0
   \   0000016A   0x2104             MOVS     R1,#+4
   \   0000016C   0x2003             MOVS     R0,#+3
   \   0000016E   0x.... 0x....      BL       LPLD_GPIO_Init
     54            //宸渚х孩澶left_infrare
     55            LPLD_GPIO_Init(PTE, 24, DIR_INPUT, INPUT_PUP, IRQC_DIS);
   \   00000172   0x2000             MOVS     R0,#+0
   \   00000174   0x9000             STR      R0,[SP, #+0]
   \   00000176   0x2301             MOVS     R3,#+1
   \   00000178   0x2200             MOVS     R2,#+0
   \   0000017A   0x2118             MOVS     R1,#+24
   \   0000017C   0x2004             MOVS     R0,#+4
   \   0000017E   0x.... 0x....      BL       LPLD_GPIO_Init
     56            LPLD_GPIO_Init(PTE, 25, DIR_INPUT, INPUT_PUP, IRQC_DIS);
   \   00000182   0x2000             MOVS     R0,#+0
   \   00000184   0x9000             STR      R0,[SP, #+0]
   \   00000186   0x2301             MOVS     R3,#+1
   \   00000188   0x2200             MOVS     R2,#+0
   \   0000018A   0x2119             MOVS     R1,#+25
   \   0000018C   0x2004             MOVS     R0,#+4
   \   0000018E   0x.... 0x....      BL       LPLD_GPIO_Init
     57            LPLD_GPIO_Init(PTE, 26, DIR_INPUT, INPUT_PUP, IRQC_DIS);
   \   00000192   0x2000             MOVS     R0,#+0
   \   00000194   0x9000             STR      R0,[SP, #+0]
   \   00000196   0x2301             MOVS     R3,#+1
   \   00000198   0x2200             MOVS     R2,#+0
   \   0000019A   0x211A             MOVS     R1,#+26
   \   0000019C   0x2004             MOVS     R0,#+4
   \   0000019E   0x.... 0x....      BL       LPLD_GPIO_Init
     58            //充晶绾㈠right_infrare
     59            LPLD_GPIO_Init(PTC, 9, DIR_INPUT, INPUT_PUP, IRQC_DIS);
   \   000001A2   0x2000             MOVS     R0,#+0
   \   000001A4   0x9000             STR      R0,[SP, #+0]
   \   000001A6   0x2301             MOVS     R3,#+1
   \   000001A8   0x2200             MOVS     R2,#+0
   \   000001AA   0x2109             MOVS     R1,#+9
   \   000001AC   0x2002             MOVS     R0,#+2
   \   000001AE   0x.... 0x....      BL       LPLD_GPIO_Init
     60            LPLD_GPIO_Init(PTC, 12, DIR_INPUT, INPUT_PUP, IRQC_DIS);
   \   000001B2   0x2000             MOVS     R0,#+0
   \   000001B4   0x9000             STR      R0,[SP, #+0]
   \   000001B6   0x2301             MOVS     R3,#+1
   \   000001B8   0x2200             MOVS     R2,#+0
   \   000001BA   0x210C             MOVS     R1,#+12
   \   000001BC   0x2002             MOVS     R0,#+2
   \   000001BE   0x.... 0x....      BL       LPLD_GPIO_Init
     61            LPLD_GPIO_Init(PTC, 13, DIR_INPUT, INPUT_PUP, IRQC_DIS);  
   \   000001C2   0x2000             MOVS     R0,#+0
   \   000001C4   0x9000             STR      R0,[SP, #+0]
   \   000001C6   0x2301             MOVS     R3,#+1
   \   000001C8   0x2200             MOVS     R2,#+0
   \   000001CA   0x210D             MOVS     R1,#+13
   \   000001CC   0x2002             MOVS     R0,#+2
   \   000001CE   0x.... 0x....      BL       LPLD_GPIO_Init
     62          
     63            LPLD_PIT_Init(PIT1,5000,infrare_update);
   \   000001D2   0x.... 0x....      ADR.W    R2,infrare_update
   \   000001D6   0xF241 0x3188      MOVW     R1,#+5000
   \   000001DA   0x2001             MOVS     R0,#+1
   \   000001DC   0x.... 0x....      BL       LPLD_PIT_Init
     64          }
   \   000001E0   0xBD01             POP      {R0,PC}          ;; return
     65          

   \                                 In section .text, align 4, keep-with-next
     66          void infrare_update()
     67          {
   \                     infrare_update:
   \   00000000   0xB580             PUSH     {R7,LR}
     68            front_infrare[0]=LPLD_GPIO_Get_b(PTB, 9);
   \   00000002   0x2109             MOVS     R1,#+9
   \   00000004   0x2001             MOVS     R0,#+1
   \   00000006   0x.... 0x....      BL       LPLD_GPIO_Get_b
   \   0000000A   0x....             LDR.N    R1,??DataTable1
   \   0000000C   0x7008             STRB     R0,[R1, #+0]
     69            front_infrare[1]=LPLD_GPIO_Get_b(PTB, 10);
   \   0000000E   0x210A             MOVS     R1,#+10
   \   00000010   0x2001             MOVS     R0,#+1
   \   00000012   0x.... 0x....      BL       LPLD_GPIO_Get_b
   \   00000016   0x....             LDR.N    R1,??DataTable1
   \   00000018   0x7048             STRB     R0,[R1, #+1]
     70            front_infrare[2]=LPLD_GPIO_Get_b(PTB, 11);
   \   0000001A   0x210B             MOVS     R1,#+11
   \   0000001C   0x2001             MOVS     R0,#+1
   \   0000001E   0x.... 0x....      BL       LPLD_GPIO_Get_b
   \   00000022   0x....             LDR.N    R1,??DataTable1
   \   00000024   0x7088             STRB     R0,[R1, #+2]
     71            front_infrare[3]=LPLD_GPIO_Get_b(PTB, 18);
   \   00000026   0x2112             MOVS     R1,#+18
   \   00000028   0x2001             MOVS     R0,#+1
   \   0000002A   0x.... 0x....      BL       LPLD_GPIO_Get_b
   \   0000002E   0x....             LDR.N    R1,??DataTable1
   \   00000030   0x70C8             STRB     R0,[R1, #+3]
     72            front_infrare[4]=LPLD_GPIO_Get_b(PTB, 19);
   \   00000032   0x2113             MOVS     R1,#+19
   \   00000034   0x2001             MOVS     R0,#+1
   \   00000036   0x.... 0x....      BL       LPLD_GPIO_Get_b
   \   0000003A   0x....             LDR.N    R1,??DataTable1
   \   0000003C   0x7108             STRB     R0,[R1, #+4]
     73            front_infrare[5]=LPLD_GPIO_Get_b(PTB, 20);
   \   0000003E   0x2114             MOVS     R1,#+20
   \   00000040   0x2001             MOVS     R0,#+1
   \   00000042   0x.... 0x....      BL       LPLD_GPIO_Get_b
   \   00000046   0x....             LDR.N    R1,??DataTable1
   \   00000048   0x7148             STRB     R0,[R1, #+5]
     74            front_infrare[6]=LPLD_GPIO_Get_b(PTB, 21);
   \   0000004A   0x2115             MOVS     R1,#+21
   \   0000004C   0x2001             MOVS     R0,#+1
   \   0000004E   0x.... 0x....      BL       LPLD_GPIO_Get_b
   \   00000052   0x....             LDR.N    R1,??DataTable1
   \   00000054   0x7188             STRB     R0,[R1, #+6]
     75            front_infrare[7]=LPLD_GPIO_Get_b(PTB, 22);
   \   00000056   0x2116             MOVS     R1,#+22
   \   00000058   0x2001             MOVS     R0,#+1
   \   0000005A   0x.... 0x....      BL       LPLD_GPIO_Get_b
   \   0000005E   0x....             LDR.N    R1,??DataTable1
   \   00000060   0x71C8             STRB     R0,[R1, #+7]
     76            front_infrare[8]=LPLD_GPIO_Get_b(PTC, 6);
   \   00000062   0x2106             MOVS     R1,#+6
   \   00000064   0x2002             MOVS     R0,#+2
   \   00000066   0x.... 0x....      BL       LPLD_GPIO_Get_b
   \   0000006A   0x....             LDR.N    R1,??DataTable1
   \   0000006C   0x7208             STRB     R0,[R1, #+8]
     77            front_infrare[9]=LPLD_GPIO_Get_b(PTC, 7);
   \   0000006E   0x2107             MOVS     R1,#+7
   \   00000070   0x2002             MOVS     R0,#+2
   \   00000072   0x.... 0x....      BL       LPLD_GPIO_Get_b
   \   00000076   0x....             LDR.N    R1,??DataTable1
   \   00000078   0x7248             STRB     R0,[R1, #+9]
     78            front_infrare[10]=LPLD_GPIO_Get_b(PTC, 8);
   \   0000007A   0x2108             MOVS     R1,#+8
   \   0000007C   0x2002             MOVS     R0,#+2
   \   0000007E   0x.... 0x....      BL       LPLD_GPIO_Get_b
   \   00000082   0x....             LDR.N    R1,??DataTable1
   \   00000084   0x7288             STRB     R0,[R1, #+10]
     79           
     80            
     81            tail_infrare[0]=LPLD_GPIO_Get_b(PTD, 0);
   \   00000086   0x2100             MOVS     R1,#+0
   \   00000088   0x2003             MOVS     R0,#+3
   \   0000008A   0x.... 0x....      BL       LPLD_GPIO_Get_b
   \   0000008E   0x....             LDR.N    R1,??DataTable1_1
   \   00000090   0x7008             STRB     R0,[R1, #+0]
     82            tail_infrare[1]=LPLD_GPIO_Get_b(PTA, 5);
   \   00000092   0x2105             MOVS     R1,#+5
   \   00000094   0x2000             MOVS     R0,#+0
   \   00000096   0x.... 0x....      BL       LPLD_GPIO_Get_b
   \   0000009A   0x....             LDR.N    R1,??DataTable1_1
   \   0000009C   0x7048             STRB     R0,[R1, #+1]
     83            tail_infrare[2]=LPLD_GPIO_Get_b(PTA, 12);
   \   0000009E   0x210C             MOVS     R1,#+12
   \   000000A0   0x2000             MOVS     R0,#+0
   \   000000A2   0x.... 0x....      BL       LPLD_GPIO_Get_b
   \   000000A6   0x....             LDR.N    R1,??DataTable1_1
   \   000000A8   0x7088             STRB     R0,[R1, #+2]
     84            tail_infrare[3]=LPLD_GPIO_Get_b(PTA, 13);
   \   000000AA   0x210D             MOVS     R1,#+13
   \   000000AC   0x2000             MOVS     R0,#+0
   \   000000AE   0x.... 0x....      BL       LPLD_GPIO_Get_b
   \   000000B2   0x....             LDR.N    R1,??DataTable1_1
   \   000000B4   0x70C8             STRB     R0,[R1, #+3]
     85            tail_infrare[4]=LPLD_GPIO_Get_b(PTA, 14);
   \   000000B6   0x210E             MOVS     R1,#+14
   \   000000B8   0x2000             MOVS     R0,#+0
   \   000000BA   0x.... 0x....      BL       LPLD_GPIO_Get_b
   \   000000BE   0x....             LDR.N    R1,??DataTable1_1
   \   000000C0   0x7108             STRB     R0,[R1, #+4]
     86            tail_infrare[5]=LPLD_GPIO_Get_b(PTA, 16);
   \   000000C2   0x2110             MOVS     R1,#+16
   \   000000C4   0x2000             MOVS     R0,#+0
   \   000000C6   0x.... 0x....      BL       LPLD_GPIO_Get_b
   \   000000CA   0x....             LDR.N    R1,??DataTable1_1
   \   000000CC   0x7148             STRB     R0,[R1, #+5]
     87            tail_infrare[6]=LPLD_GPIO_Get_b(PTA, 17);
   \   000000CE   0x2111             MOVS     R1,#+17
   \   000000D0   0x2000             MOVS     R0,#+0
   \   000000D2   0x.... 0x....      BL       LPLD_GPIO_Get_b
   \   000000D6   0x....             LDR.N    R1,??DataTable1_1
   \   000000D8   0x7188             STRB     R0,[R1, #+6]
     88            tail_infrare[7]=LPLD_GPIO_Get_b(PTE, 4);
   \   000000DA   0x2104             MOVS     R1,#+4
   \   000000DC   0x2004             MOVS     R0,#+4
   \   000000DE   0x.... 0x....      BL       LPLD_GPIO_Get_b
   \   000000E2   0x....             LDR.N    R1,??DataTable1_1
   \   000000E4   0x71C8             STRB     R0,[R1, #+7]
     89            tail_infrare[8]=LPLD_GPIO_Get_b(PTE, 2);
   \   000000E6   0x2102             MOVS     R1,#+2
   \   000000E8   0x2004             MOVS     R0,#+4
   \   000000EA   0x.... 0x....      BL       LPLD_GPIO_Get_b
   \   000000EE   0x....             LDR.N    R1,??DataTable1_1
   \   000000F0   0x7208             STRB     R0,[R1, #+8]
     90            tail_infrare[9]=LPLD_GPIO_Get_b(PTE, 1);
   \   000000F2   0x2101             MOVS     R1,#+1
   \   000000F4   0x2004             MOVS     R0,#+4
   \   000000F6   0x.... 0x....      BL       LPLD_GPIO_Get_b
   \   000000FA   0x....             LDR.N    R1,??DataTable1_1
   \   000000FC   0x7248             STRB     R0,[R1, #+9]
     91            tail_infrare[10]=LPLD_GPIO_Get_b(PTE, 0);
   \   000000FE   0x2100             MOVS     R1,#+0
   \   00000100   0x2004             MOVS     R0,#+4
   \   00000102   0x.... 0x....      BL       LPLD_GPIO_Get_b
   \   00000106   0x....             LDR.N    R1,??DataTable1_1
   \   00000108   0x7288             STRB     R0,[R1, #+10]
     92            left_infrare[0]=LPLD_GPIO_Get_b(PTE, 24);
   \   0000010A   0x2118             MOVS     R1,#+24
   \   0000010C   0x2004             MOVS     R0,#+4
   \   0000010E   0x.... 0x....      BL       LPLD_GPIO_Get_b
   \   00000112   0x....             LDR.N    R1,??DataTable1_2
   \   00000114   0x7008             STRB     R0,[R1, #+0]
     93            left_infrare[1]=LPLD_GPIO_Get_b(PTE, 25);
   \   00000116   0x2119             MOVS     R1,#+25
   \   00000118   0x2004             MOVS     R0,#+4
   \   0000011A   0x.... 0x....      BL       LPLD_GPIO_Get_b
   \   0000011E   0x....             LDR.N    R1,??DataTable1_2
   \   00000120   0x7048             STRB     R0,[R1, #+1]
     94            left_infrare[2]=LPLD_GPIO_Get_b(PTE, 26);
   \   00000122   0x211A             MOVS     R1,#+26
   \   00000124   0x2004             MOVS     R0,#+4
   \   00000126   0x.... 0x....      BL       LPLD_GPIO_Get_b
   \   0000012A   0x....             LDR.N    R1,??DataTable1_2
   \   0000012C   0x7088             STRB     R0,[R1, #+2]
     95            
     96            right_infrare[0]=LPLD_GPIO_Get_b(PTC, 13);
   \   0000012E   0x210D             MOVS     R1,#+13
   \   00000130   0x2002             MOVS     R0,#+2
   \   00000132   0x.... 0x....      BL       LPLD_GPIO_Get_b
   \   00000136   0x....             LDR.N    R1,??DataTable1_3
   \   00000138   0x7008             STRB     R0,[R1, #+0]
     97            right_infrare[1]=LPLD_GPIO_Get_b(PTC, 12);
   \   0000013A   0x210C             MOVS     R1,#+12
   \   0000013C   0x2002             MOVS     R0,#+2
   \   0000013E   0x.... 0x....      BL       LPLD_GPIO_Get_b
   \   00000142   0x....             LDR.N    R1,??DataTable1_3
   \   00000144   0x7048             STRB     R0,[R1, #+1]
     98            right_infrare[2]=LPLD_GPIO_Get_b(PTC, 9);
   \   00000146   0x2109             MOVS     R1,#+9
   \   00000148   0x2002             MOVS     R0,#+2
   \   0000014A   0x.... 0x....      BL       LPLD_GPIO_Get_b
   \   0000014E   0x....             LDR.N    R1,??DataTable1_3
   \   00000150   0x7088             STRB     R0,[R1, #+2]
     99          }
   \   00000152   0xBD01             POP      {R0,PC}          ;; return
    100          
    101          

   \                                 In section .text, align 2, keep-with-next
    102          unsigned char *get_infrare(int side)
    103          {
    104            switch(side)
   \                     get_infrare:
   \   00000000   0x2800             CMP      R0,#+0
   \   00000002   0xD005             BEQ.N    ??get_infrare_0
   \   00000004   0x2802             CMP      R0,#+2
   \   00000006   0xD007             BEQ.N    ??get_infrare_1
   \   00000008   0xD304             BCC.N    ??get_infrare_2
   \   0000000A   0x2803             CMP      R0,#+3
   \   0000000C   0xD006             BEQ.N    ??get_infrare_3
   \   0000000E   0xE007             B.N      ??get_infrare_4
    105            {
    106              case FRONT:
    107                return front_infrare;
   \                     ??get_infrare_0:
   \   00000010   0x....             LDR.N    R0,??DataTable1
   \   00000012   0xE006             B.N      ??get_infrare_5
    108              case RIGHT:
    109                return right_infrare;
   \                     ??get_infrare_2:
   \   00000014   0x....             LDR.N    R0,??DataTable1_3
   \   00000016   0xE004             B.N      ??get_infrare_5
    110              case LEFT:
    111                return left_infrare;
   \                     ??get_infrare_1:
   \   00000018   0x....             LDR.N    R0,??DataTable1_2
   \   0000001A   0xE002             B.N      ??get_infrare_5
    112              case TAIL:
    113                return tail_infrare;
   \                     ??get_infrare_3:
   \   0000001C   0x....             LDR.N    R0,??DataTable1_1
   \   0000001E   0xE000             B.N      ??get_infrare_5
    114            }
    115            return NULL;
   \                     ??get_infrare_4:
   \   00000020   0x2000             MOVS     R0,#+0
   \                     ??get_infrare_5:
   \   00000022   0x4770             BX       LR               ;; return
    116          }

   \                                 In section .text, align 4, keep-with-next
   \                     ??DataTable1:
   \   00000000   0x........         DC32     front_infrare

   \                                 In section .text, align 4, keep-with-next
   \                     ??DataTable1_1:
   \   00000000   0x........         DC32     tail_infrare

   \                                 In section .text, align 4, keep-with-next
   \                     ??DataTable1_2:
   \   00000000   0x........         DC32     left_infrare

   \                                 In section .text, align 4, keep-with-next
   \                     ??DataTable1_3:
   \   00000000   0x........         DC32     right_infrare

   Maximum stack usage in bytes:

   .cstack Function
   ------- --------
        0  get_infrare
        8  infrare_init
             8 -> LPLD_GPIO_Init
             8 -> LPLD_PIT_Init
        8  infrare_update
             8 -> LPLD_GPIO_Get_b


   Section sizes:

   Bytes  Function/Label
   -----  --------------
       4  ??DataTable1
       4  ??DataTable1_1
       4  ??DataTable1_2
       4  ??DataTable1_3
      12  front_infrare
      36  get_infrare
     482  infrare_init
     340  infrare_update
       4  left_infrare
       4  right_infrare
      12  tail_infrare

 
  32 bytes in section .bss
 874 bytes in section .text
 
 874 bytes of CODE memory
  32 bytes of DATA memory

Errors: none
Warnings: none
