###############################################################################
#                                                                             #
# IAR ANSI C/C++ Compiler V6.40.1.53790/W32 for ARM     06/Jul/2014  14:14:07 #
# Copyright 1999-2012 IAR Systems AB.                                         #
#                                                                             #
#    Cpu mode     =  thumb                                                    #
#    Endian       =  little                                                   #
#    Source file  =  F:\robot _init\robot\lib\common\startup.c                #
#    Command line =  "F:\robot _init\robot\lib\common\startup.c" -D IAR -D    #
#                    LPLD_K60 -lCN "F:\robot _init\robot\project\robot_car_co #
#                    m\iar\FLASH\List\" -lB "F:\robot                         #
#                    _init\robot\project\robot_car_com\iar\FLASH\List\" -o    #
#                    "F:\robot _init\robot\project\robot_car_com\iar\FLASH\Ob #
#                    j\" --no_cse --no_unroll --no_inline --no_code_motion    #
#                    --no_tbaa --no_clustering --no_scheduling --debug        #
#                    --endian=little --cpu=Cortex-M4 -e --fpu=None            #
#                    --dlib_config "D:\IAR Systems\Embedded Workbench         #
#                    6.4\arm\INC\c\DLib_Config_Normal.h" -I "F:\robot         #
#                    _init\robot\project\robot_car_com\iar\..\app\" -I        #
#                    "F:\robot _init\robot\project\robot_car_com\iar\..\..\.. #
#                    \lib\common\" -I "F:\robot _init\robot\project\robot_car #
#                    _com\iar\..\..\..\lib\cpu\" -I "F:\robot                 #
#                    _init\robot\project\robot_car_com\iar\..\..\..\lib\cpu\h #
#                    eaders\" -I "F:\robot _init\robot\project\robot_car_com\ #
#                    iar\..\..\..\lib\drivers\adc16\" -I "F:\robot            #
#                    _init\robot\project\robot_car_com\iar\..\..\..\lib\drive #
#                    rs\enet\" -I "F:\robot _init\robot\project\robot_car_com #
#                    \iar\..\..\..\lib\drivers\lptmr\" -I "F:\robot           #
#                    _init\robot\project\robot_car_com\iar\..\..\..\lib\drive #
#                    rs\mcg\" -I "F:\robot _init\robot\project\robot_car_com\ #
#                    iar\..\..\..\lib\drivers\pmc\" -I "F:\robot              #
#                    _init\robot\project\robot_car_com\iar\..\..\..\lib\drive #
#                    rs\rtc\" -I "F:\robot _init\robot\project\robot_car_com\ #
#                    iar\..\..\..\lib\drivers\uart\" -I "F:\robot             #
#                    _init\robot\project\robot_car_com\iar\..\..\..\lib\drive #
#                    rs\wdog\" -I "F:\robot _init\robot\project\robot_car_com #
#                    \iar\..\..\..\lib\platforms\" -I "F:\robot               #
#                    _init\robot\project\robot_car_com\iar\..\..\..\lib\LPLD\ #
#                    " -I "F:\robot _init\robot\project\robot_car_com\iar\..\ #
#                    ..\..\lib\LPLD\FatFs\" -I "F:\robot                      #
#                    _init\robot\project\robot_car_com\iar\..\..\..\lib\LPLD\ #
#                    USB\" -I "F:\robot _init\robot\project\robot_car_com\iar #
#                    \..\..\..\lib\iar_config_files\" -Ol                     #
#    List file    =  F:\robot _init\robot\project\robot_car_com\iar\FLASH\Lis #
#                    t\startup.lst                                            #
#    Object file  =  F:\robot _init\robot\project\robot_car_com\iar\FLASH\Obj #
#                    \startup.o                                               #
#                                                                             #
#                                                                             #
###############################################################################

F:\robot _init\robot\lib\common\startup.c
      1          /*
      2           * File:    startup.c
      3           * Purpose: Generic Kinetis startup code
      4           *
      5           * Notes:
      6           */
      7          
      8          #include "common.h"
      9          
     10          #if (defined(IAR))
     11          	#pragma section = ".data"
     12          	#pragma section = ".data_init"
     13          	#pragma section = ".bss"
     14          	#pragma section = "CodeRelocate"
     15          	#pragma section = "CodeRelocateRam"
     16          #endif
     17          
     18          /********************************************************************/

   \                                 In section .text, align 4, keep-with-next
     19          void
     20          common_startup(void)
     21          {
   \                     common_startup:
   \   00000000   0xB580             PUSH     {R7,LR}
     22          
     23          #if (defined(CW))	
     24              extern char __START_BSS[];
     25              extern char __END_BSS[];
     26              extern uint32 __DATA_ROM[];
     27              extern uint32 __DATA_RAM[];
     28              extern char __DATA_END[];
     29          #endif
     30          
     31              /* 声明一个计数器在拷贝循环中使用 */
     32              uint32 n;
     33          
     34              /* 为不同的数据段定义指针。
     35               * 这些变量将由链接文件中获取的值初始化
     36               */
     37              uint8 * data_ram, * data_rom, * data_rom_end;
     38              uint8 * bss_start, * bss_end;
     39          
     40          
     41              /* 引进链接文件中的VECTOR_TABLE和VECTOR_RAM的地址 */
     42              extern uint32 __VECTOR_TABLE[];
     43              extern uint32 __VECTOR_RAM[];
     44          
     45              /* 将中断向量表复制到RAM中 */
     46              if (__VECTOR_RAM != __VECTOR_TABLE)
   \   00000002   0x481C             LDR.N    R0,??common_startup_0
   \   00000004   0x491C             LDR.N    R1,??common_startup_0+0x4
   \   00000006   0x4288             CMP      R0,R1
   \   00000008   0xD00B             BEQ.N    ??common_startup_1
     47              {
     48                  for (n = 0; n < 0x410; n++)
   \   0000000A   0x2000             MOVS     R0,#+0
   \   0000000C   0xE006             B.N      ??common_startup_2
     49                      __VECTOR_RAM[n] = __VECTOR_TABLE[n];
   \                     ??common_startup_3:
   \   0000000E   0x4919             LDR.N    R1,??common_startup_0
   \   00000010   0x4A19             LDR.N    R2,??common_startup_0+0x4
   \   00000012   0xF852 0x2020      LDR      R2,[R2, R0, LSL #+2]
   \   00000016   0xF841 0x2020      STR      R2,[R1, R0, LSL #+2]
   \   0000001A   0x1C40             ADDS     R0,R0,#+1
   \                     ??common_startup_2:
   \   0000001C   0xF5B0 0x6F82      CMP      R0,#+1040
   \   00000020   0xD3F5             BCC.N    ??common_startup_3
     50              }
     51              /* 将新的中断向量表指针赋给VTOR寄存器 */
     52              write_vtor((uint32)__VECTOR_RAM);
   \                     ??common_startup_1:
   \   00000022   0x4814             LDR.N    R0,??common_startup_0
   \   00000024   0x.... 0x....      BL       write_vtor
     53          
     54              /* 获得.data段的地址(已初始化的数据段) */
     55          	#if (defined(CW))
     56                  data_ram = (uint8 *)__DATA_RAM;
     57          	    data_rom = (uint8 *)__DATA_ROM;
     58          	    data_rom_end  = (uint8 *)__DATA_END; /* 该段在CodeWarrior编译器中为RAM地址 */
     59          	    n = data_rom_end - data_ram;
     60              #elif (defined(IAR))
     61          		data_ram = __section_begin(".data");
   \   00000028   0x4914             LDR.N    R1,??common_startup_0+0x8
     62          		data_rom = __section_begin(".data_init");
   \   0000002A   0x4A15             LDR.N    R2,??common_startup_0+0xC
     63          		data_rom_end = __section_end(".data_init");
   \   0000002C   0x4815             LDR.N    R0,??common_startup_0+0x10
     64          		n = data_rom_end - data_rom;
   \   0000002E   0x1A80             SUBS     R0,R0,R2
   \   00000030   0xE003             B.N      ??common_startup_4
     65          	#endif		
     66          		
     67          	/* 从ROM复制已初始化的数据到RAM */
     68          	while (n--)
     69          		*data_ram++ = *data_rom++;
   \                     ??common_startup_5:
   \   00000032   0x7813             LDRB     R3,[R2, #+0]
   \   00000034   0x700B             STRB     R3,[R1, #+0]
   \   00000036   0x1C52             ADDS     R2,R2,#+1
   \   00000038   0x1C49             ADDS     R1,R1,#+1
   \                     ??common_startup_4:
   \   0000003A   0x0003             MOVS     R3,R0
   \   0000003C   0x1E58             SUBS     R0,R3,#+1
   \   0000003E   0x2B00             CMP      R3,#+0
   \   00000040   0xD1F7             BNE.N    ??common_startup_5
     70          	
     71          	
     72              /* 获得.bss段的地址 (初始化为0的数据) */
     73          	#if (defined(CW))
     74          		bss_start = (uint8 *)__START_BSS;
     75          		bss_end = (uint8 *)__END_BSS;
     76          	#elif (defined(IAR))
     77          		bss_start = __section_begin(".bss");
   \   00000042   0x4911             LDR.N    R1,??common_startup_0+0x14
     78          		bss_end = __section_end(".bss");
   \   00000044   0x4811             LDR.N    R0,??common_startup_0+0x18
     79          	#endif
     80          		
     81          		
     82          	
     83          
     84              /* 清零初始化为0的数据段 */
     85              n = bss_end - bss_start;
   \   00000046   0x1A40             SUBS     R0,R0,R1
   \   00000048   0xE002             B.N      ??common_startup_6
     86              while(n--)
     87                *bss_start++ = 0;
   \                     ??common_startup_7:
   \   0000004A   0x2200             MOVS     R2,#+0
   \   0000004C   0x700A             STRB     R2,[R1, #+0]
   \   0000004E   0x1C49             ADDS     R1,R1,#+1
   \                     ??common_startup_6:
   \   00000050   0x0002             MOVS     R2,R0
   \   00000052   0x1E50             SUBS     R0,R2,#+1
   \   00000054   0x2A00             CMP      R2,#+0
   \   00000056   0xD1F8             BNE.N    ??common_startup_7
     88          
     89          	/* 取得所有应该从ROM复制到RAM的代码段的地址。
     90                   * IAR有一个预定义的关键字可以标记独立的函数为从RAM执行。
     91                   * 在函数的返回类型前添加"__ramfunc"关键字可以将函数标记为从RAM中执行。
     92                   * 例如:__ramfunc void foo(void);
     93          	 */
     94          	#if (defined(IAR))
     95          		uint8* code_relocate_ram = __section_begin("CodeRelocateRam");
   \   00000058   0x490D             LDR.N    R1,??common_startup_0+0x1C
     96          		uint8* code_relocate = __section_begin("CodeRelocate");
   \   0000005A   0x4A0E             LDR.N    R2,??common_startup_0+0x20
     97          		uint8* code_relocate_end = __section_end("CodeRelocate");
   \   0000005C   0x480E             LDR.N    R0,??common_startup_0+0x24
     98          
     99          		/* 将函数从ROM复制到RAM */
    100          		n = code_relocate_end - code_relocate;
   \   0000005E   0x1A80             SUBS     R0,R0,R2
   \   00000060   0xE003             B.N      ??common_startup_8
    101          		while (n--)
    102          			*code_relocate_ram++ = *code_relocate++;
   \                     ??common_startup_9:
   \   00000062   0x7813             LDRB     R3,[R2, #+0]
   \   00000064   0x700B             STRB     R3,[R1, #+0]
   \   00000066   0x1C52             ADDS     R2,R2,#+1
   \   00000068   0x1C49             ADDS     R1,R1,#+1
   \                     ??common_startup_8:
   \   0000006A   0x0003             MOVS     R3,R0
   \   0000006C   0x1E58             SUBS     R0,R3,#+1
   \   0000006E   0x2B00             CMP      R3,#+0
   \   00000070   0xD1F7             BNE.N    ??common_startup_9
    103          	#endif
    104          }
   \   00000072   0xBD01             POP      {R0,PC}          ;; return
   \                     ??common_startup_0:
   \   00000074   0x........         DC32     __VECTOR_RAM
   \   00000078   0x........         DC32     __VECTOR_TABLE
   \   0000007C   0x........         DC32     SFB(`.data`)
   \   00000080   0x........         DC32     SFB(`.data_init`)
   \   00000084   0x........         DC32     SFE(`.data_init`)
   \   00000088   0x........         DC32     SFB(`.bss`)
   \   0000008C   0x........         DC32     SFE(`.bss`)
   \   00000090   0x........         DC32     SFB(CodeRelocateRam)
   \   00000094   0x........         DC32     SFB(CodeRelocate)
   \   00000098   0x........         DC32     SFE(CodeRelocate)
    105          /********************************************************************/

   Maximum stack usage in bytes:

   .cstack Function
   ------- --------
        8  common_startup
             8 -> write_vtor


   Section sizes:

   Bytes  Function/Label
   -----  --------------
     156  common_startup

 
 156 bytes in section .text
 
 156 bytes of CODE memory

Errors: none
Warnings: none
