###############################################################################
#                                                                             #
# IAR ANSI C/C++ Compiler V6.40.1.53790/W32 for ARM     23/Jul/2014  00:11:44 #
# Copyright 1999-2012 IAR Systems AB.                                         #
#                                                                             #
#    Cpu mode     =  thumb                                                    #
#    Endian       =  little                                                   #
#    Source file  =  D:\robot\lib\cpu\vectors.c                               #
#    Command line =  D:\robot\lib\cpu\vectors.c -D IAR -D LPLD_K60 -lCN       #
#                    D:\robot\project\robot_car_com\iar\FLASH\List\ -lB       #
#                    D:\robot\project\robot_car_com\iar\FLASH\List\ -o        #
#                    D:\robot\project\robot_car_com\iar\FLASH\Obj\ --no_cse   #
#                    --no_unroll --no_inline --no_code_motion --no_tbaa       #
#                    --no_clustering --no_scheduling --debug --endian=little  #
#                    --cpu=Cortex-M4 -e --fpu=None --dlib_config              #
#                    D:\IAR\arm\INC\c\DLib_Config_Normal.h -I                 #
#                    D:\robot\project\robot_car_com\iar\..\app\ -I            #
#                    D:\robot\project\robot_car_com\iar\..\..\..\lib\common\  #
#                    -I D:\robot\project\robot_car_com\iar\..\..\..\lib\cpu\  #
#                    -I D:\robot\project\robot_car_com\iar\..\..\..\lib\cpu\h #
#                    eaders\ -I D:\robot\project\robot_car_com\iar\..\..\..\l #
#                    ib\drivers\adc16\ -I D:\robot\project\robot_car_com\iar\ #
#                    ..\..\..\lib\drivers\enet\ -I                            #
#                    D:\robot\project\robot_car_com\iar\..\..\..\lib\drivers\ #
#                    lptmr\ -I D:\robot\project\robot_car_com\iar\..\..\..\li #
#                    b\drivers\mcg\ -I D:\robot\project\robot_car_com\iar\..\ #
#                    ..\..\lib\drivers\pmc\ -I D:\robot\project\robot_car_com #
#                    \iar\..\..\..\lib\drivers\rtc\ -I                        #
#                    D:\robot\project\robot_car_com\iar\..\..\..\lib\drivers\ #
#                    uart\ -I D:\robot\project\robot_car_com\iar\..\..\..\lib #
#                    \drivers\wdog\ -I D:\robot\project\robot_car_com\iar\..\ #
#                    ..\..\lib\platforms\ -I D:\robot\project\robot_car_com\i #
#                    ar\..\..\..\lib\LPLD\ -I D:\robot\project\robot_car_com\ #
#                    iar\..\..\..\lib\LPLD\FatFs\ -I                          #
#                    D:\robot\project\robot_car_com\iar\..\..\..\lib\LPLD\USB #
#                    \ -I D:\robot\project\robot_car_com\iar\..\..\..\lib\iar #
#                    _config_files\ -Ol                                       #
#    List file    =  D:\robot\project\robot_car_com\iar\FLASH\List\vectors.ls #
#                    t                                                        #
#    Object file  =  D:\robot\project\robot_car_com\iar\FLASH\Obj\vectors.o   #
#                                                                             #
#                                                                             #
###############################################################################

D:\robot\lib\cpu\vectors.c
      1          /******************************************************************************
      2          * File:    vectors.c
      3          *
      4          * Purpose: Configure interrupt vector table for Kinetis.
      5          ******************************************************************************/
      6          
      7          #include "vectors.h"
      8          #include "isr.h"
      9          #include "common.h"
     10          
     11          /******************************************************************************
     12          * 中断向量表
     13          ******************************************************************************/
     14          typedef void (*vector_entry)(void);
     15          
     16          #if defined(IAR)
     17            #pragma location = ".intvec"

   \                                 In section .intvec, align 4
     18            const vector_entry  __vector_table[] = //@ ".intvec" =
   \                     __vector_table:
   \   00000000   0x........         DC32 __BOOT_STACK_ADDRESS, __startup, default_isr, default_isr
   \              0x........   
   \              0x........   
   \              0x........   
   \   00000010   0x........         DC32 default_isr, default_isr, default_isr, default_isr, default_isr
   \              0x........   
   \              0x........   
   \              0x........   
   \              0x........   
   \   00000024   0x........         DC32 default_isr, default_isr, default_isr, default_isr, default_isr
   \              0x........   
   \              0x........   
   \              0x........   
   \              0x........   
   \   00000038   0x........         DC32 default_isr, default_isr, default_isr, default_isr, default_isr
   \              0x........   
   \              0x........   
   \              0x........   
   \              0x........   
   \   0000004C   0x........         DC32 default_isr, default_isr, default_isr, default_isr, default_isr
   \              0x........   
   \              0x........   
   \              0x........   
   \              0x........   
   \   00000060   0x........         DC32 default_isr, default_isr, default_isr, default_isr, default_isr
   \              0x........   
   \              0x........   
   \              0x........   
   \              0x........   
   \   00000074   0x........         DC32 default_isr, default_isr, default_isr, default_isr, default_isr
   \              0x........   
   \              0x........   
   \              0x........   
   \              0x........   
   \   00000088   0x........         DC32 default_isr, default_isr, default_isr, default_isr, default_isr
   \              0x........   
   \              0x........   
   \              0x........   
   \              0x........   
   \   0000009C   0x........         DC32 default_isr, default_isr, default_isr, default_isr, default_isr
   \              0x........   
   \              0x........   
   \              0x........   
   \              0x........   
   \   000000B0   0x........         DC32 default_isr, default_isr, default_isr, default_isr, default_isr
   \              0x........   
   \              0x........   
   \              0x........   
   \              0x........   
   \   000000C4   0x........         DC32 default_isr, default_isr, default_isr, default_isr, default_isr
   \              0x........   
   \              0x........   
   \              0x........   
   \              0x........   
   \   000000D8   0x........         DC32 default_isr, default_isr, default_isr, default_isr, default_isr
   \              0x........   
   \              0x........   
   \              0x........   
   \              0x........   
   \   000000EC   0x........         DC32 default_isr, default_isr, LPLD_UART_Isr, default_isr
   \              0x........   
   \              0x........   
   \              0x........   
   \   000000FC   0x........         DC32 LPLD_UART_Isr, default_isr, LPLD_UART_Isr, default_isr
   \              0x........   
   \              0x........   
   \              0x........   
   \   0000010C   0x........         DC32 LPLD_UART_Isr, default_isr, LPLD_UART_Isr, default_isr
   \              0x........   
   \              0x........   
   \              0x........   
   \   0000011C   0x........         DC32 LPLD_UART_Isr, default_isr, default_isr, default_isr, default_isr
   \              0x........   
   \              0x........   
   \              0x........   
   \              0x........   
   \   00000130   0x........         DC32 default_isr, default_isr, default_isr, default_isr, default_isr
   \              0x........   
   \              0x........   
   \              0x........   
   \              0x........   
   \   00000144   0x........         DC32 default_isr, default_isr, default_isr, LPLD_PIT_Isr, LPLD_PIT_Isr
   \              0x........   
   \              0x........   
   \              0x........   
   \              0x........   
   \   00000158   0x........         DC32 LPLD_PIT_Isr, LPLD_PIT_Isr, default_isr, default_isr, default_isr
   \              0x........   
   \              0x........   
   \              0x........   
   \              0x........   
   \   0000016C   0x........         DC32 default_isr, default_isr, default_isr, default_isr, default_isr
   \              0x........   
   \              0x........   
   \              0x........   
   \              0x........   
   \   00000180   0x........         DC32 default_isr, default_isr, default_isr, default_isr, default_isr
   \              0x........   
   \              0x........   
   \              0x........   
   \              0x........   
   \   00000194   0x........         DC32 LPLD_LPTMR_Isr, default_isr, LPLD_GPIO_Isr, LPLD_GPIO_Isr
   \              0x........   
   \              0x........   
   \              0x........   
   \   000001A4   0x........         DC32 LPLD_GPIO_Isr, LPLD_GPIO_Isr, LPLD_GPIO_Isr, default_isr
   \              0x........   
   \              0x........   
   \              0x........   
   \   000001B4   0x........         DC32 default_isr, default_isr, default_isr, default_isr, default_isr
   \              0x........   
   \              0x........   
   \              0x........   
   \              0x........   
   \   000001C8   0x........         DC32 default_isr, default_isr, default_isr, default_isr, default_isr
   \              0x........   
   \              0x........   
   \              0x........   
   \              0x........   
   \   000001DC   0x........         DC32 default_isr, default_isr, default_isr, default_isr, default_isr
   \              0x........   
   \              0x........   
   \              0x........   
   \              0x........   
   \   000001F0   0x........         DC32 default_isr, default_isr, default_isr, default_isr, default_isr
   \              0x........   
   \              0x........   
   \              0x........   
   \              0x........   
   \   00000204   0x........         DC32 default_isr, default_isr, default_isr, default_isr, default_isr
   \              0x........   
   \              0x........   
   \              0x........   
   \              0x........   
   \   00000218   0x........         DC32 default_isr, default_isr, default_isr, default_isr, default_isr
   \              0x........   
   \              0x........   
   \              0x........   
   \              0x........   
   \   0000022C   0x........         DC32 default_isr, default_isr, default_isr, default_isr, default_isr
   \              0x........   
   \              0x........   
   \              0x........   
   \              0x........   
   \   00000240   0x........         DC32 default_isr, default_isr, default_isr, default_isr, default_isr
   \              0x........   
   \              0x........   
   \              0x........   
   \              0x........   
   \   00000254   0x........         DC32 default_isr, default_isr, default_isr, default_isr, default_isr
   \              0x........   
   \              0x........   
   \              0x........   
   \              0x........   
   \   00000268   0x........         DC32 default_isr, default_isr, default_isr, default_isr, default_isr
   \              0x........   
   \              0x........   
   \              0x........   
   \              0x........   
   \   0000027C   0x........         DC32 default_isr, default_isr, default_isr, default_isr, default_isr
   \              0x........   
   \              0x........   
   \              0x........   
   \              0x........   
   \   00000290   0x........         DC32 default_isr, default_isr, default_isr, default_isr, default_isr
   \              0x........   
   \              0x........   
   \              0x........   
   \              0x........   
   \   000002A4   0x........         DC32 default_isr, default_isr, default_isr, default_isr, default_isr
   \              0x........   
   \              0x........   
   \              0x........   
   \              0x........   
   \   000002B8   0x........         DC32 default_isr, default_isr, default_isr, default_isr, default_isr
   \              0x........   
   \              0x........   
   \              0x........   
   \              0x........   
   \   000002CC   0x........         DC32 default_isr, default_isr, default_isr, default_isr, default_isr
   \              0x........   
   \              0x........   
   \              0x........   
   \              0x........   
   \   000002E0   0x........         DC32 default_isr, default_isr, default_isr, default_isr, default_isr
   \              0x........   
   \              0x........   
   \              0x........   
   \              0x........   
   \   000002F4   0x........         DC32 default_isr, default_isr, default_isr, default_isr, default_isr
   \              0x........   
   \              0x........   
   \              0x........   
   \              0x........   
   \   00000308   0x........         DC32 default_isr, default_isr, default_isr, default_isr, default_isr
   \              0x........   
   \              0x........   
   \              0x........   
   \              0x........   
   \   0000031C   0x........         DC32 default_isr, default_isr, default_isr, default_isr, default_isr
   \              0x........   
   \              0x........   
   \              0x........   
   \              0x........   
   \   00000330   0x........         DC32 default_isr, default_isr, default_isr, default_isr, default_isr
   \              0x........   
   \              0x........   
   \              0x........   
   \              0x........   
   \   00000344   0x........         DC32 default_isr, default_isr, default_isr, default_isr, default_isr
   \              0x........   
   \              0x........   
   \              0x........   
   \              0x........   
   \   00000358   0x........         DC32 default_isr, default_isr, default_isr, default_isr, default_isr
   \              0x........   
   \              0x........   
   \              0x........   
   \              0x........   
   \   0000036C   0x........         DC32 default_isr, default_isr, default_isr, default_isr, default_isr
   \              0x........   
   \              0x........   
   \              0x........   
   \              0x........   
   \   00000380   0x........         DC32 default_isr, default_isr, default_isr, default_isr, default_isr
   \              0x........   
   \              0x........   
   \              0x........   
   \              0x........   
   \   00000394   0x........         DC32 default_isr, default_isr, default_isr, default_isr, default_isr
   \              0x........   
   \              0x........   
   \              0x........   
   \              0x........   
   \   000003A8   0x........         DC32 default_isr, default_isr, default_isr, default_isr, default_isr
   \              0x........   
   \              0x........   
   \              0x........   
   \              0x........   
   \   000003BC   0x........         DC32 default_isr, default_isr, default_isr, default_isr, default_isr
   \              0x........   
   \              0x........   
   \              0x........   
   \              0x........   
   \   000003D0   0x........         DC32 default_isr, default_isr, default_isr, default_isr, default_isr
   \              0x........   
   \              0x........   
   \              0x........   
   \              0x........   
   \   000003E4   0x........         DC32 default_isr, default_isr, default_isr, default_isr, default_isr
   \              0x........   
   \              0x........   
   \              0x........   
   \              0x........   
   \   000003F8   0x........         DC32 default_isr, default_isr, 0FFFFFFFFH, 0FFFFFFFFH, 0FFFFFFFFH
   \              0x........   
   \              0xFFFFFFFF   
   \              0xFFFFFFFF   
   \              0xFFFFFFFF   
   \   0000040C   0xFFFFFFFE         DC32 0FFFFFFFEH
     19          #elif defined(CW)
     20            #pragma define_section vectortable ".vectortable" ".vectortable" ".vectortable" far_abs R
     21            #define VECTOR __declspec(vectortable)
     22            const VECTOR vector_entry  __vector_table[] = //@ ".intvec" =
     23          #endif
     24          
     25          {
     26             VECTOR_000,           /* 初始化 SP           */
     27             VECTOR_001,           /* 初始化 PC           */
     28             VECTOR_002,
     29             VECTOR_003,
     30             VECTOR_004,
     31             VECTOR_005,
     32             VECTOR_006,
     33             VECTOR_007,
     34             VECTOR_008,
     35             VECTOR_009,
     36             VECTOR_010,
     37             VECTOR_011,
     38             VECTOR_012,
     39             VECTOR_013,
     40             VECTOR_014,
     41             VECTOR_015,
     42             VECTOR_016,
     43             VECTOR_017,
     44             VECTOR_018,
     45             VECTOR_019,
     46             VECTOR_020,
     47             VECTOR_021,
     48             VECTOR_022,
     49             VECTOR_023,
     50             VECTOR_024,
     51             VECTOR_025,
     52             VECTOR_026,
     53             VECTOR_027,
     54             VECTOR_028,
     55             VECTOR_029,
     56             VECTOR_030,
     57             VECTOR_031,
     58             VECTOR_032,
     59             VECTOR_033,
     60             VECTOR_034,
     61             VECTOR_035,
     62             VECTOR_036,
     63             VECTOR_037,
     64             VECTOR_038,
     65             VECTOR_039,
     66             VECTOR_040,
     67             VECTOR_041,
     68             VECTOR_042,
     69             VECTOR_043,
     70             VECTOR_044,
     71             VECTOR_045,
     72             VECTOR_046,
     73             VECTOR_047,
     74             VECTOR_048,
     75             VECTOR_049,
     76             VECTOR_050,
     77             VECTOR_051,
     78             VECTOR_052,
     79             VECTOR_053,
     80             VECTOR_054,
     81             VECTOR_055,
     82             VECTOR_056,
     83             VECTOR_057,
     84             VECTOR_058,
     85             VECTOR_059,
     86             VECTOR_060,
     87             VECTOR_061,
     88             VECTOR_062,
     89             VECTOR_063,
     90             VECTOR_064,
     91             VECTOR_065,
     92             VECTOR_066,
     93             VECTOR_067,
     94             VECTOR_068,
     95             VECTOR_069,
     96             VECTOR_070,
     97             VECTOR_071,
     98             VECTOR_072,
     99             VECTOR_073,
    100             VECTOR_074,
    101             VECTOR_075,
    102             VECTOR_076,
    103             VECTOR_077,
    104             VECTOR_078,
    105             VECTOR_079,
    106             VECTOR_080,
    107             VECTOR_081,
    108             VECTOR_082,
    109             VECTOR_083,
    110             VECTOR_084,
    111             VECTOR_085,
    112             VECTOR_086,
    113             VECTOR_087,
    114             VECTOR_088,
    115             VECTOR_089,
    116             VECTOR_090,
    117             VECTOR_091,
    118             VECTOR_092,
    119             VECTOR_093,
    120             VECTOR_094,
    121             VECTOR_095,
    122             VECTOR_096,
    123             VECTOR_097,
    124             VECTOR_098,
    125             VECTOR_099,
    126             VECTOR_100,
    127             VECTOR_101,
    128             VECTOR_102,
    129             VECTOR_103,
    130             VECTOR_104,
    131             VECTOR_105,
    132             VECTOR_106,
    133             VECTOR_107,
    134             VECTOR_108,
    135             VECTOR_109,
    136             VECTOR_110,
    137             VECTOR_111,
    138             VECTOR_112,
    139             VECTOR_113,
    140             VECTOR_114,
    141             VECTOR_115,
    142             VECTOR_116,
    143             VECTOR_117,
    144             VECTOR_118,
    145             VECTOR_119,
    146             VECTOR_120,
    147             VECTOR_121,
    148             VECTOR_122,
    149             VECTOR_123,
    150             VECTOR_124,
    151             VECTOR_125,
    152             VECTOR_126,
    153             VECTOR_127,
    154             VECTOR_128,
    155             VECTOR_129,
    156             VECTOR_130,
    157             VECTOR_131,
    158             VECTOR_132,
    159             VECTOR_133,
    160             VECTOR_134,
    161             VECTOR_135,
    162             VECTOR_136,
    163             VECTOR_137,
    164             VECTOR_138,
    165             VECTOR_139,
    166             VECTOR_140,
    167             VECTOR_141,
    168             VECTOR_142,
    169             VECTOR_143,
    170             VECTOR_144,
    171             VECTOR_145,
    172             VECTOR_146,
    173             VECTOR_147,
    174             VECTOR_148,
    175             VECTOR_149,
    176             VECTOR_150,
    177             VECTOR_151,
    178             VECTOR_152,
    179             VECTOR_153,
    180             VECTOR_154,
    181             VECTOR_155,
    182             VECTOR_156,
    183             VECTOR_157,
    184             VECTOR_158,
    185             VECTOR_159,
    186             VECTOR_160,
    187             VECTOR_161,
    188             VECTOR_162,
    189             VECTOR_163,
    190             VECTOR_164,
    191             VECTOR_165,
    192             VECTOR_166,
    193             VECTOR_167,
    194             VECTOR_168,
    195             VECTOR_169,
    196             VECTOR_170,
    197             VECTOR_171,
    198             VECTOR_172,
    199             VECTOR_173,
    200             VECTOR_174,
    201             VECTOR_175,
    202             VECTOR_176,
    203             VECTOR_177,
    204             VECTOR_178,
    205             VECTOR_179,
    206             VECTOR_180,
    207             VECTOR_181,
    208             VECTOR_182,
    209             VECTOR_183,
    210             VECTOR_184,
    211             VECTOR_185,
    212             VECTOR_186,
    213             VECTOR_187,
    214             VECTOR_188,
    215             VECTOR_189,
    216             VECTOR_190,
    217             VECTOR_191,
    218             VECTOR_192,
    219             VECTOR_193,
    220             VECTOR_194,
    221             VECTOR_195,
    222             VECTOR_196,
    223             VECTOR_197,
    224             VECTOR_198,
    225             VECTOR_199,
    226             VECTOR_200,
    227             VECTOR_201,
    228             VECTOR_202,
    229             VECTOR_203,
    230             VECTOR_204,
    231             VECTOR_205,
    232             VECTOR_206,
    233             VECTOR_207,
    234             VECTOR_208,
    235             VECTOR_209,
    236             VECTOR_210,
    237             VECTOR_211,
    238             VECTOR_212,
    239             VECTOR_213,
    240             VECTOR_214,
    241             VECTOR_215,
    242             VECTOR_216,
    243             VECTOR_217,
    244             VECTOR_218,
    245             VECTOR_219,
    246             VECTOR_220,
    247             VECTOR_221,
    248             VECTOR_222,
    249             VECTOR_223,
    250             VECTOR_224,
    251             VECTOR_225,
    252             VECTOR_226,
    253             VECTOR_227,
    254             VECTOR_228,
    255             VECTOR_229,
    256             VECTOR_230,
    257             VECTOR_231,
    258             VECTOR_232,
    259             VECTOR_233,
    260             VECTOR_234,
    261             VECTOR_235,
    262             VECTOR_236,
    263             VECTOR_237,
    264             VECTOR_238,
    265             VECTOR_239,
    266             VECTOR_240,
    267             VECTOR_241,
    268             VECTOR_242,
    269             VECTOR_243,
    270             VECTOR_244,
    271             VECTOR_245,
    272             VECTOR_246,
    273             VECTOR_247,
    274             VECTOR_248,
    275             VECTOR_249,
    276             VECTOR_250,
    277             VECTOR_251,
    278             VECTOR_252,
    279             VECTOR_253,
    280             VECTOR_254,
    281             VECTOR_255,
    282             CONFIG_1,        /* Flash configuration field values */
    283             CONFIG_2,        /* Flash configuration field values */
    284             CONFIG_3,        /* Flash configuration field values */
    285             CONFIG_4,        /* Flash configuration field values */
    286          
    287          };
    288          // VECTOR_TABLE end
    289          /******************************************************************************
    290          * default_isr(void)
    291          *
    292          * Default ISR definition.
    293          *
    294          * In:  n/a
    295          * Out: n/a
    296          ******************************************************************************/

   \                                 In section .text, align 4, keep-with-next
    297          void default_isr(void)
    298          {
   \                     default_isr:
   \   00000000   0xB580             PUSH     {R7,LR}
    299             #define VECTORNUM                     (*(volatile uint8_t*)(0xE000ED04))
    300          
    301             printf("\n****default_isr entered on vector %d*****\r\n\n",VECTORNUM);
   \   00000002   0x4803             LDR.N    R0,??default_isr_0  ;; 0xe000ed04
   \   00000004   0x7801             LDRB     R1,[R0, #+0]
   \   00000006   0xB2C9             UXTB     R1,R1            ;; ZeroExt  R1,R1,#+24,#+24
   \   00000008   0x4802             LDR.N    R0,??default_isr_0+0x4
   \   0000000A   0x.... 0x....      BL       printf
    302             return;
   \   0000000E   0xBD01             POP      {R0,PC}          ;; return
   \                     ??default_isr_0:
   \   00000010   0xE000ED04         DC32     0xe000ed04
   \   00000014   0x........         DC32     `?<Constant "\\n****default_isr ente...">`
    303          }

   \                                 In section .rodata, align 4
   \                     `?<Constant "\\n****default_isr ente...">`:
   \   00000000   0x0A 0x2A          DC8 "\012****default_isr entered on vector %d*****\015\012\012"
   \              0x2A 0x2A    
   \              0x2A 0x64    
   \              0x65 0x66    
   \              0x61 0x75    
   \              0x6C 0x74    
   \              0x5F 0x69    
   \              0x73 0x72    
   \              0x20 0x65    
   \              0x6E 0x74    
   \              0x65 0x72    
   \              0x65 0x64    
   \              0x20 0x6F    
   \              0x6E 0x20    
   \              0x76 0x65    
   \              0x63 0x74    
   \              0x6F 0x72    
   \              0x20 0x25    
   \              0x64 0x2A    
   \              0x2A 0x2A    
   \              0x2A 0x2A    
   \              0x0D 0x0A    
   \              0x0A 0x00    
   \   0000002E   0x00 0x00          DC8 0, 0
    304          /******************************************************************************/
    305          /* End of "vectors.c" */

   Maximum stack usage in bytes:

   .cstack Function
   ------- --------
        8  default_isr
             8 -> printf


   Section sizes:

   Bytes  Function/Label
   -----  --------------
      48  ?<Constant "\n****default_isr ente...">
    1040  __vector_table
      24  default_isr

 
 1 040 bytes in section .intvec
    48 bytes in section .rodata
    24 bytes in section .text
 
    24 bytes of CODE  memory
 1 088 bytes of CONST memory

Errors: none
Warnings: none
