###############################################################################
#                                                                             #
#     IAR Assembler V6.30.1.53127/W32 for ARM 25/Sep/2013  19:23:26           #
#     Copyright 1999-2011 IAR Systems AB.                                     #
#                                                                             #
#           Source file   =  D:\中国机器人大赛\robot_project\lib\cpu\crt0.s   #
#           List file     =  D:\中国机器人大赛\robot_project\project\LPLD_Template\iar\RAM\List\crt0.lst#
#           Object file   =  D:\中国机器人大赛\robot_project\project\LPLD_Template\iar\RAM\Obj\crt0.o#
#           Command line  =  D:\中国机器人大赛\robot_project\lib\cpu\crt0.s   #
#                            -OD:\中国机器人大赛\robot_project\project\LPLD_Template\iar\RAM\Obj\ #
#                            -s+ -M<> -w+ -r                                  #
#                            -LD:\中国机器人大赛\robot_project\project\LPLD_Template\iar\RAM\List\ #
#                            -t8 --cpu Cortex-M4 --fpu None                   #
#                                                                             #
###############################################################################

    1                           /*
    2                            * 文件名:      crt0.s
    3                            * 目的:        Kinetis底层执行代码
    4                            *      
    5                            */
    6                           
    7                           ;         AREA   Crt0, CODE, READONLY      ;
                                 name this block of code
    8                           
    9                           
   10                           
   11                                   SECTION .noinit : CODE
   12                                   EXPORT  __startup
   13                           __startup
   14                           
   15    00000000 4FF00000          MOV     r0,#0                   ;
                                                                     初始化全局
                                                                    寄存器
   16    00000004 4FF00001              MOV     r1,#0
   17    00000008 4FF00002              MOV     r2,#0
   18    0000000C 4FF00003              MOV     r3,#0
   19    00000010 4FF00004              MOV     r4,#0
   20    00000014 4FF00005              MOV     r5,#0
   21    00000018 4FF00006              MOV     r6,#0
   22    0000001C 4FF00007              MOV     r7,#0
   23    00000020 4FF00008              MOV     r8,#0
   24    00000024 4FF00009              MOV     r9,#0
   25    00000028 4FF0000A              MOV     r10,#0
   26    0000002C 4FF0000B              MOV     r11,#0
   27    00000030 4FF0000C              MOV     r12,#0
   28    00000034 62B6                  CPSIE   i                    ;
                                                                      屏蔽中断
   29                                   import start
   30    00000036 ........              BL      start                ;
                                                                      调用C语言
                                                                     函数start
   31                           __done
   32    0000003A FEE7                  B       __done
   33                           
   34                           
   35                                   END
##############################
#           CRC:0            #
#        Errors:   0         #
#        Warnings: 0         #
#         Bytes: 60          #
##############################



