###############################################################################
#                                                                             #
# IAR ANSI C/C++ Compiler V6.30.1.53127/W32 for ARM     25/Sep/2013  21:07:03 #
# Copyright 1999-2011 IAR Systems AB.                                         #
#                                                                             #
#    Cpu mode     =  thumb                                                    #
#    Endian       =  little                                                   #
#    Source file  =  D:\中国机器人大赛\robot_project\lib\common\io.c          #
#    Command line =  D:\中国机器人大赛\robot_project\lib\common\io.c -D IAR   #
#                    -D LPLD_K60 -lCN D:\中国机器人大赛\robot_project\project #
#                    \LPLD_Template\iar\RAM\List\ -lB                         #
#                    D:\中国机器人大赛\robot_project\project\LPLD_Template\ia #
#                    r\RAM\List\ -o D:\中国机器人大赛\robot_project\project\L #
#                    PLD_Template\iar\RAM\Obj\ --no_cse --no_unroll           #
#                    --no_inline --no_code_motion --no_tbaa --no_clustering   #
#                    --no_scheduling --debug --endian=little --cpu=Cortex-M4  #
#                    -e --fpu=None --dlib_config "D:\Program Files\IAR        #
#                    Systems\Embedded Workbench 6.0\arm\INC\c\DLib_Config_Nor #
#                    mal.h" -I D:\中国机器人大赛\robot_project\project\LPLD_T #
#                    emplate\iar\..\app\ -I D:\中国机器人大赛\robot_project\p #
#                    roject\LPLD_Template\iar\..\..\..\lib\common\ -I         #
#                    D:\中国机器人大赛\robot_project\project\LPLD_Template\ia #
#                    r\..\..\..\lib\cpu\ -I D:\中国机器人大赛\robot_project\p #
#                    roject\LPLD_Template\iar\..\..\..\lib\cpu\headers\ -I    #
#                    D:\中国机器人大赛\robot_project\project\LPLD_Template\ia #
#                    r\..\..\..\lib\drivers\adc16\ -I                         #
#                    D:\中国机器人大赛\robot_project\project\LPLD_Template\ia #
#                    r\..\..\..\lib\drivers\enet\ -I                          #
#                    D:\中国机器人大赛\robot_project\project\LPLD_Template\ia #
#                    r\..\..\..\lib\drivers\lptmr\ -I                         #
#                    D:\中国机器人大赛\robot_project\project\LPLD_Template\ia #
#                    r\..\..\..\lib\drivers\mcg\ -I                           #
#                    D:\中国机器人大赛\robot_project\project\LPLD_Template\ia #
#                    r\..\..\..\lib\drivers\pmc\ -I                           #
#                    D:\中国机器人大赛\robot_project\project\LPLD_Template\ia #
#                    r\..\..\..\lib\drivers\rtc\ -I                           #
#                    D:\中国机器人大赛\robot_project\project\LPLD_Template\ia #
#                    r\..\..\..\lib\drivers\uart\ -I                          #
#                    D:\中国机器人大赛\robot_project\project\LPLD_Template\ia #
#                    r\..\..\..\lib\drivers\wdog\ -I                          #
#                    D:\中国机器人大赛\robot_project\project\LPLD_Template\ia #
#                    r\..\..\..\lib\platforms\ -I                             #
#                    D:\中国机器人大赛\robot_project\project\LPLD_Template\ia #
#                    r\..\..\..\lib\LPLD\ -I D:\中国机器人大赛\robot_project\ #
#                    project\LPLD_Template\iar\..\..\..\lib\LPLD\FatFs\ -I    #
#                    D:\中国机器人大赛\robot_project\project\LPLD_Template\ia #
#                    r\..\..\..\lib\LPLD\USB\ -I                              #
#                    D:\中国机器人大赛\robot_project\project\LPLD_Template\ia #
#                    r\..\..\..\lib\iar_config_files\ -Ol                     #
#    List file    =  D:\中国机器人大赛\robot_project\project\LPLD_Template\ia #
#                    r\RAM\List\io.lst                                        #
#    Object file  =  D:\中国机器人大赛\robot_project\project\LPLD_Template\ia #
#                    r\RAM\Obj\io.o                                           #
#                                                                             #
#                                                                             #
###############################################################################

D:\中国机器人大赛\robot_project\lib\common\io.c
      1          /*
      2           * File:		io.c
      3           * Purpose:		Serial Input/Output routines
      4           *
      5           * Notes:       TERMINAL_PORT defined in <board>.h
      6           */
      7          
      8          #include "common.h"
      9          #include "uart.h"
     10          
     11          /********************************************************************/

   \                                 In section .text, align 2, keep-with-next
     12          char
     13          in_char (void)
     14          {
   \                     in_char:
   \   00000000   0xB580             PUSH     {R7,LR}
     15          	return uart_getchar(TERM_PORT);
   \   00000002   0x....             LDR.N    R0,??DataTable2  ;; 0x400eb000
   \   00000004   0x.... 0x....      BL       uart_getchar
   \   00000008   0xBD02             POP      {R1,PC}          ;; return
     16          }
     17          /********************************************************************/

   \                                 In section .text, align 2, keep-with-next
     18          void
     19          out_char (char ch)
     20          {
   \                     out_char:
   \   00000000   0xB580             PUSH     {R7,LR}
     21          	uart_putchar(TERM_PORT, ch);
   \   00000002   0x0001             MOVS     R1,R0
   \   00000004   0xB2C9             UXTB     R1,R1            ;; ZeroExt  R1,R1,#+24,#+24
   \   00000006   0x....             LDR.N    R0,??DataTable2  ;; 0x400eb000
   \   00000008   0x.... 0x....      BL       uart_putchar
     22          }
   \   0000000C   0xBD01             POP      {R0,PC}          ;; return
     23          /********************************************************************/

   \                                 In section .text, align 2, keep-with-next
     24          int
     25          char_present (void)
     26          {
   \                     char_present:
   \   00000000   0xB580             PUSH     {R7,LR}
     27          	return uart_getchar_present(TERM_PORT);
   \   00000002   0x....             LDR.N    R0,??DataTable2  ;; 0x400eb000
   \   00000004   0x.... 0x....      BL       uart_getchar_present
   \   00000008   0xBD02             POP      {R1,PC}          ;; return
     28          }

   \                                 In section .text, align 4, keep-with-next
   \                     ??DataTable2:
   \   00000000   0x400EB000         DC32     0x400eb000
     29          /********************************************************************/

   Maximum stack usage in bytes:

   .cstack Function
   ------- --------
        8  char_present
             8 -> uart_getchar_present
        8  in_char
             8 -> uart_getchar
        8  out_char
             8 -> uart_putchar


   Section sizes:

   Bytes  Function/Label
   -----  --------------
       4  ??DataTable2
      10  char_present
      10  in_char
      14  out_char

 
 38 bytes in section .text
 
 38 bytes of CODE memory

Errors: none
Warnings: none
